ARM GAS  /tmp/ccdpuA88.s 			page 1


   1              		.cpu cortex-m3
   2              		.eabi_attribute 20, 1
   3              		.eabi_attribute 21, 1
   4              		.eabi_attribute 23, 3
   5              		.eabi_attribute 24, 1
   6              		.eabi_attribute 25, 1
   7              		.eabi_attribute 26, 1
   8              		.eabi_attribute 30, 1
   9              		.eabi_attribute 34, 1
  10              		.eabi_attribute 18, 4
  11              		.file	"gpio.c"
  12              		.text
  13              	.Ltext0:
  14              		.cfi_sections	.debug_frame
  15              		.section	.text.MX_GPIO_Init,"ax",%progbits
  16              		.align	1
  17              		.global	MX_GPIO_Init
  18              		.syntax unified
  19              		.thumb
  20              		.thumb_func
  21              		.fpu softvfp
  23              	MX_GPIO_Init:
  24              	.LFB65:
  25              		.file 1 "Core/Src/gpio.c"
   1:Core/Src/gpio.c **** /**
   2:Core/Src/gpio.c ****   ******************************************************************************
   3:Core/Src/gpio.c ****   * @file    gpio.c
   4:Core/Src/gpio.c ****   * @brief   This file provides code for the configuration
   5:Core/Src/gpio.c ****   *          of all used GPIO pins.
   6:Core/Src/gpio.c ****   ******************************************************************************
   7:Core/Src/gpio.c ****   * @attention
   8:Core/Src/gpio.c ****   *
   9:Core/Src/gpio.c ****   * <h2><center>&copy; Copyright (c) 2021 STMicroelectronics.
  10:Core/Src/gpio.c ****   * All rights reserved.</center></h2>
  11:Core/Src/gpio.c ****   *
  12:Core/Src/gpio.c ****   * This software component is licensed by ST under Ultimate Liberty license
  13:Core/Src/gpio.c ****   * SLA0044, the "License"; You may not use this file except in compliance with
  14:Core/Src/gpio.c ****   * the License. You may obtain a copy of the License at:
  15:Core/Src/gpio.c ****   *                             www.st.com/SLA0044
  16:Core/Src/gpio.c ****   *
  17:Core/Src/gpio.c ****   ******************************************************************************
  18:Core/Src/gpio.c ****   */
  19:Core/Src/gpio.c **** 
  20:Core/Src/gpio.c **** /* Includes ------------------------------------------------------------------*/
  21:Core/Src/gpio.c **** #include "gpio.h"
  22:Core/Src/gpio.c **** 
  23:Core/Src/gpio.c **** /* USER CODE BEGIN 0 */
  24:Core/Src/gpio.c **** 
  25:Core/Src/gpio.c **** /* USER CODE END 0 */
  26:Core/Src/gpio.c **** 
  27:Core/Src/gpio.c **** /*----------------------------------------------------------------------------*/
  28:Core/Src/gpio.c **** /* Configure GPIO                                                             */
  29:Core/Src/gpio.c **** /*----------------------------------------------------------------------------*/
  30:Core/Src/gpio.c **** /* USER CODE BEGIN 1 */
  31:Core/Src/gpio.c **** 
  32:Core/Src/gpio.c **** /* USER CODE END 1 */
  33:Core/Src/gpio.c **** 
ARM GAS  /tmp/ccdpuA88.s 			page 2


  34:Core/Src/gpio.c **** /** Configure pins as
  35:Core/Src/gpio.c ****         * Analog
  36:Core/Src/gpio.c ****         * Input
  37:Core/Src/gpio.c ****         * Output
  38:Core/Src/gpio.c ****         * EVENT_OUT
  39:Core/Src/gpio.c ****         * EXTI
  40:Core/Src/gpio.c **** */
  41:Core/Src/gpio.c **** void MX_GPIO_Init(void)
  42:Core/Src/gpio.c **** {
  26              		.loc 1 42 0
  27              		.cfi_startproc
  28              		@ args = 0, pretend = 0, frame = 32
  29              		@ frame_needed = 0, uses_anonymous_args = 0
  30 0000 2DE9F041 		push	{r4, r5, r6, r7, r8, lr}
  31              	.LCFI0:
  32              		.cfi_def_cfa_offset 24
  33              		.cfi_offset 4, -24
  34              		.cfi_offset 5, -20
  35              		.cfi_offset 6, -16
  36              		.cfi_offset 7, -12
  37              		.cfi_offset 8, -8
  38              		.cfi_offset 14, -4
  39 0004 88B0     		sub	sp, sp, #32
  40              	.LCFI1:
  41              		.cfi_def_cfa_offset 56
  43:Core/Src/gpio.c **** 
  44:Core/Src/gpio.c ****   GPIO_InitTypeDef GPIO_InitStruct = {0};
  42              		.loc 1 44 0
  43 0006 0024     		movs	r4, #0
  44 0008 0494     		str	r4, [sp, #16]
  45 000a 0594     		str	r4, [sp, #20]
  46 000c 0694     		str	r4, [sp, #24]
  47 000e 0794     		str	r4, [sp, #28]
  48              	.LBB2:
  45:Core/Src/gpio.c **** 
  46:Core/Src/gpio.c ****   /* GPIO Ports Clock Enable */
  47:Core/Src/gpio.c ****   __HAL_RCC_GPIOC_CLK_ENABLE();
  49              		.loc 1 47 0
  50 0010 214B     		ldr	r3, .L3
  51 0012 9A69     		ldr	r2, [r3, #24]
  52 0014 42F01002 		orr	r2, r2, #16
  53 0018 9A61     		str	r2, [r3, #24]
  54 001a 9A69     		ldr	r2, [r3, #24]
  55 001c 02F01002 		and	r2, r2, #16
  56 0020 0192     		str	r2, [sp, #4]
  57 0022 019A     		ldr	r2, [sp, #4]
  58              	.LBE2:
  59              	.LBB3:
  48:Core/Src/gpio.c ****   __HAL_RCC_GPIOB_CLK_ENABLE();
  60              		.loc 1 48 0
  61 0024 9A69     		ldr	r2, [r3, #24]
  62 0026 42F00802 		orr	r2, r2, #8
  63 002a 9A61     		str	r2, [r3, #24]
  64 002c 9A69     		ldr	r2, [r3, #24]
  65 002e 02F00802 		and	r2, r2, #8
  66 0032 0292     		str	r2, [sp, #8]
  67 0034 029A     		ldr	r2, [sp, #8]
ARM GAS  /tmp/ccdpuA88.s 			page 3


  68              	.LBE3:
  69              	.LBB4:
  49:Core/Src/gpio.c ****   __HAL_RCC_GPIOA_CLK_ENABLE();
  70              		.loc 1 49 0
  71 0036 9A69     		ldr	r2, [r3, #24]
  72 0038 42F00402 		orr	r2, r2, #4
  73 003c 9A61     		str	r2, [r3, #24]
  74 003e 9B69     		ldr	r3, [r3, #24]
  75 0040 03F00403 		and	r3, r3, #4
  76 0044 0393     		str	r3, [sp, #12]
  77 0046 039B     		ldr	r3, [sp, #12]
  78              	.LBE4:
  50:Core/Src/gpio.c **** 
  51:Core/Src/gpio.c ****   /*Configure GPIO pin Output Level */
  52:Core/Src/gpio.c ****   HAL_GPIO_WritePin(HEARTBEAT_LED_GPIO_Port, HEARTBEAT_LED_Pin, GPIO_PIN_RESET);
  79              		.loc 1 52 0
  80 0048 DFF85480 		ldr	r8, .L3+8
  81 004c 2246     		mov	r2, r4
  82 004e 4FF40051 		mov	r1, #8192
  83 0052 4046     		mov	r0, r8
  84 0054 FFF7FEFF 		bl	HAL_GPIO_WritePin
  85              	.LVL0:
  53:Core/Src/gpio.c **** 
  54:Core/Src/gpio.c ****   /*Configure GPIO pin Output Level */
  55:Core/Src/gpio.c ****   HAL_GPIO_WritePin(GPIOB, SPI_BOSCH_CS_0_Pin|SPI_BOSCH_CS_1_Pin|SPI_BOSCH_CS_2_Pin, GPIO_PIN_RESET
  86              		.loc 1 55 0
  87 0058 104D     		ldr	r5, .L3+4
  88 005a 2246     		mov	r2, r4
  89 005c 40F20341 		movw	r1, #1027
  90 0060 2846     		mov	r0, r5
  91 0062 FFF7FEFF 		bl	HAL_GPIO_WritePin
  92              	.LVL1:
  56:Core/Src/gpio.c **** 
  57:Core/Src/gpio.c ****   /*Configure GPIO pin : PtPin */
  58:Core/Src/gpio.c ****   GPIO_InitStruct.Pin = HEARTBEAT_LED_Pin;
  93              		.loc 1 58 0
  94 0066 4FF40053 		mov	r3, #8192
  95 006a 0493     		str	r3, [sp, #16]
  59:Core/Src/gpio.c ****   GPIO_InitStruct.Mode = GPIO_MODE_OUTPUT_PP;
  96              		.loc 1 59 0
  97 006c 0127     		movs	r7, #1
  98 006e 0597     		str	r7, [sp, #20]
  60:Core/Src/gpio.c ****   GPIO_InitStruct.Pull = GPIO_NOPULL;
  99              		.loc 1 60 0
 100 0070 0694     		str	r4, [sp, #24]
  61:Core/Src/gpio.c ****   GPIO_InitStruct.Speed = GPIO_SPEED_FREQ_LOW;
 101              		.loc 1 61 0
 102 0072 0226     		movs	r6, #2
 103 0074 0796     		str	r6, [sp, #28]
  62:Core/Src/gpio.c ****   HAL_GPIO_Init(HEARTBEAT_LED_GPIO_Port, &GPIO_InitStruct);
 104              		.loc 1 62 0
 105 0076 04A9     		add	r1, sp, #16
 106 0078 4046     		mov	r0, r8
 107 007a FFF7FEFF 		bl	HAL_GPIO_Init
 108              	.LVL2:
  63:Core/Src/gpio.c **** 
  64:Core/Src/gpio.c ****   /*Configure GPIO pins : PBPin PBPin PBPin */
ARM GAS  /tmp/ccdpuA88.s 			page 4


  65:Core/Src/gpio.c ****   GPIO_InitStruct.Pin = SPI_BOSCH_CS_0_Pin|SPI_BOSCH_CS_1_Pin|SPI_BOSCH_CS_2_Pin;
 109              		.loc 1 65 0
 110 007e 40F20343 		movw	r3, #1027
 111 0082 0493     		str	r3, [sp, #16]
  66:Core/Src/gpio.c ****   GPIO_InitStruct.Mode = GPIO_MODE_OUTPUT_PP;
 112              		.loc 1 66 0
 113 0084 0597     		str	r7, [sp, #20]
  67:Core/Src/gpio.c ****   GPIO_InitStruct.Pull = GPIO_NOPULL;
 114              		.loc 1 67 0
 115 0086 0694     		str	r4, [sp, #24]
  68:Core/Src/gpio.c ****   GPIO_InitStruct.Speed = GPIO_SPEED_FREQ_LOW;
 116              		.loc 1 68 0
 117 0088 0796     		str	r6, [sp, #28]
  69:Core/Src/gpio.c ****   HAL_GPIO_Init(GPIOB, &GPIO_InitStruct);
 118              		.loc 1 69 0
 119 008a 04A9     		add	r1, sp, #16
 120 008c 2846     		mov	r0, r5
 121 008e FFF7FEFF 		bl	HAL_GPIO_Init
 122              	.LVL3:
  70:Core/Src/gpio.c **** 
  71:Core/Src/gpio.c **** }
 123              		.loc 1 71 0
 124 0092 08B0     		add	sp, sp, #32
 125              	.LCFI2:
 126              		.cfi_def_cfa_offset 24
 127              		@ sp needed
 128 0094 BDE8F081 		pop	{r4, r5, r6, r7, r8, pc}
 129              	.L4:
 130              		.align	2
 131              	.L3:
 132 0098 00100240 		.word	1073876992
 133 009c 000C0140 		.word	1073810432
 134 00a0 00100140 		.word	1073811456
 135              		.cfi_endproc
 136              	.LFE65:
 138              		.text
 139              	.Letext0:
 140              		.file 2 "/usr/include/newlib/machine/_default_types.h"
 141              		.file 3 "/usr/include/newlib/sys/_stdint.h"
 142              		.file 4 "Drivers/CMSIS/Include/core_cm3.h"
 143              		.file 5 "Drivers/CMSIS/Device/ST/STM32F1xx/Include/system_stm32f1xx.h"
 144              		.file 6 "Drivers/CMSIS/Device/ST/STM32F1xx/Include/stm32f103xb.h"
 145              		.file 7 "Drivers/STM32F1xx_HAL_Driver/Inc/stm32f1xx_hal_gpio.h"
 146              		.file 8 "Drivers/STM32F1xx_HAL_Driver/Inc/stm32f1xx_hal.h"
ARM GAS  /tmp/ccdpuA88.s 			page 5


DEFINED SYMBOLS
                            *ABS*:0000000000000000 gpio.c
     /tmp/ccdpuA88.s:16     .text.MX_GPIO_Init:0000000000000000 $t
     /tmp/ccdpuA88.s:23     .text.MX_GPIO_Init:0000000000000000 MX_GPIO_Init
     /tmp/ccdpuA88.s:132    .text.MX_GPIO_Init:0000000000000098 $d
                     .debug_frame:0000000000000010 $d

UNDEFINED SYMBOLS
HAL_GPIO_WritePin
HAL_GPIO_Init
