ARM GAS  /tmp/ccl9D74d.s 			page 1


   1              		.cpu cortex-m3
   2              		.eabi_attribute 20, 1
   3              		.eabi_attribute 21, 1
   4              		.eabi_attribute 23, 3
   5              		.eabi_attribute 24, 1
   6              		.eabi_attribute 25, 1
   7              		.eabi_attribute 26, 1
   8              		.eabi_attribute 30, 1
   9              		.eabi_attribute 34, 1
  10              		.eabi_attribute 18, 4
  11              		.file	"spi.c"
  12              		.text
  13              	.Ltext0:
  14              		.cfi_sections	.debug_frame
  15              		.section	.text.MX_SPI2_Init,"ax",%progbits
  16              		.align	1
  17              		.global	MX_SPI2_Init
  18              		.syntax unified
  19              		.thumb
  20              		.thumb_func
  21              		.fpu softvfp
  23              	MX_SPI2_Init:
  24              	.LFB65:
  25              		.file 1 "Core/Src/spi.c"
   1:Core/Src/spi.c **** /**
   2:Core/Src/spi.c ****   ******************************************************************************
   3:Core/Src/spi.c ****   * @file    spi.c
   4:Core/Src/spi.c ****   * @brief   This file provides code for the configuration
   5:Core/Src/spi.c ****   *          of the SPI instances.
   6:Core/Src/spi.c ****   ******************************************************************************
   7:Core/Src/spi.c ****   * @attention
   8:Core/Src/spi.c ****   *
   9:Core/Src/spi.c ****   * <h2><center>&copy; Copyright (c) 2021 STMicroelectronics.
  10:Core/Src/spi.c ****   * All rights reserved.</center></h2>
  11:Core/Src/spi.c ****   *
  12:Core/Src/spi.c ****   * This software component is licensed by ST under Ultimate Liberty license
  13:Core/Src/spi.c ****   * SLA0044, the "License"; You may not use this file except in compliance with
  14:Core/Src/spi.c ****   * the License. You may obtain a copy of the License at:
  15:Core/Src/spi.c ****   *                             www.st.com/SLA0044
  16:Core/Src/spi.c ****   *
  17:Core/Src/spi.c ****   ******************************************************************************
  18:Core/Src/spi.c ****   */
  19:Core/Src/spi.c **** 
  20:Core/Src/spi.c **** /* Includes ------------------------------------------------------------------*/
  21:Core/Src/spi.c **** #include "spi.h"
  22:Core/Src/spi.c **** 
  23:Core/Src/spi.c **** /* USER CODE BEGIN 0 */
  24:Core/Src/spi.c **** 
  25:Core/Src/spi.c **** /* USER CODE END 0 */
  26:Core/Src/spi.c **** 
  27:Core/Src/spi.c **** SPI_HandleTypeDef hspi2;
  28:Core/Src/spi.c **** 
  29:Core/Src/spi.c **** /* SPI2 init function */
  30:Core/Src/spi.c **** void MX_SPI2_Init(void)
  31:Core/Src/spi.c **** {
  26              		.loc 1 31 0
  27              		.cfi_startproc
ARM GAS  /tmp/ccl9D74d.s 			page 2


  28              		@ args = 0, pretend = 0, frame = 0
  29              		@ frame_needed = 0, uses_anonymous_args = 0
  30 0000 08B5     		push	{r3, lr}
  31              	.LCFI0:
  32              		.cfi_def_cfa_offset 8
  33              		.cfi_offset 3, -8
  34              		.cfi_offset 14, -4
  32:Core/Src/spi.c **** 
  33:Core/Src/spi.c ****   hspi2.Instance = SPI2;
  35              		.loc 1 33 0
  36 0002 0D48     		ldr	r0, .L5
  37 0004 0D4B     		ldr	r3, .L5+4
  38 0006 0360     		str	r3, [r0]
  34:Core/Src/spi.c ****   hspi2.Init.Mode = SPI_MODE_MASTER;
  39              		.loc 1 34 0
  40 0008 4FF48273 		mov	r3, #260
  41 000c 4360     		str	r3, [r0, #4]
  35:Core/Src/spi.c ****   hspi2.Init.Direction = SPI_DIRECTION_2LINES;
  42              		.loc 1 35 0
  43 000e 0023     		movs	r3, #0
  44 0010 8360     		str	r3, [r0, #8]
  36:Core/Src/spi.c ****   hspi2.Init.DataSize = SPI_DATASIZE_8BIT;
  45              		.loc 1 36 0
  46 0012 C360     		str	r3, [r0, #12]
  37:Core/Src/spi.c ****   hspi2.Init.CLKPolarity = SPI_POLARITY_LOW;
  47              		.loc 1 37 0
  48 0014 0361     		str	r3, [r0, #16]
  38:Core/Src/spi.c ****   hspi2.Init.CLKPhase = SPI_PHASE_1EDGE;
  49              		.loc 1 38 0
  50 0016 4361     		str	r3, [r0, #20]
  39:Core/Src/spi.c ****   hspi2.Init.NSS = SPI_NSS_SOFT;
  51              		.loc 1 39 0
  52 0018 4FF40072 		mov	r2, #512
  53 001c 8261     		str	r2, [r0, #24]
  40:Core/Src/spi.c ****   hspi2.Init.BaudRatePrescaler = SPI_BAUDRATEPRESCALER_2;
  54              		.loc 1 40 0
  55 001e C361     		str	r3, [r0, #28]
  41:Core/Src/spi.c ****   hspi2.Init.FirstBit = SPI_FIRSTBIT_MSB;
  56              		.loc 1 41 0
  57 0020 0362     		str	r3, [r0, #32]
  42:Core/Src/spi.c ****   hspi2.Init.TIMode = SPI_TIMODE_DISABLE;
  58              		.loc 1 42 0
  59 0022 4362     		str	r3, [r0, #36]
  43:Core/Src/spi.c ****   hspi2.Init.CRCCalculation = SPI_CRCCALCULATION_DISABLE;
  60              		.loc 1 43 0
  61 0024 8362     		str	r3, [r0, #40]
  44:Core/Src/spi.c ****   hspi2.Init.CRCPolynomial = 10;
  62              		.loc 1 44 0
  63 0026 0A23     		movs	r3, #10
  64 0028 C362     		str	r3, [r0, #44]
  45:Core/Src/spi.c ****   if (HAL_SPI_Init(&hspi2) != HAL_OK)
  65              		.loc 1 45 0
  66 002a FFF7FEFF 		bl	HAL_SPI_Init
  67              	.LVL0:
  68 002e 00B9     		cbnz	r0, .L4
  69              	.L1:
  70 0030 08BD     		pop	{r3, pc}
ARM GAS  /tmp/ccl9D74d.s 			page 3


  71              	.L4:
  46:Core/Src/spi.c ****   {
  47:Core/Src/spi.c ****     Error_Handler();
  72              		.loc 1 47 0
  73 0032 FFF7FEFF 		bl	Error_Handler
  74              	.LVL1:
  48:Core/Src/spi.c ****   }
  49:Core/Src/spi.c **** 
  50:Core/Src/spi.c **** }
  75              		.loc 1 50 0
  76 0036 FBE7     		b	.L1
  77              	.L6:
  78              		.align	2
  79              	.L5:
  80 0038 00000000 		.word	hspi2
  81 003c 00380040 		.word	1073756160
  82              		.cfi_endproc
  83              	.LFE65:
  85              		.section	.text.HAL_SPI_MspInit,"ax",%progbits
  86              		.align	1
  87              		.global	HAL_SPI_MspInit
  88              		.syntax unified
  89              		.thumb
  90              		.thumb_func
  91              		.fpu softvfp
  93              	HAL_SPI_MspInit:
  94              	.LFB66:
  51:Core/Src/spi.c **** 
  52:Core/Src/spi.c **** void HAL_SPI_MspInit(SPI_HandleTypeDef* spiHandle)
  53:Core/Src/spi.c **** {
  95              		.loc 1 53 0
  96              		.cfi_startproc
  97              		@ args = 0, pretend = 0, frame = 24
  98              		@ frame_needed = 0, uses_anonymous_args = 0
  99              	.LVL2:
 100 0000 10B5     		push	{r4, lr}
 101              	.LCFI1:
 102              		.cfi_def_cfa_offset 8
 103              		.cfi_offset 4, -8
 104              		.cfi_offset 14, -4
 105 0002 86B0     		sub	sp, sp, #24
 106              	.LCFI2:
 107              		.cfi_def_cfa_offset 32
  54:Core/Src/spi.c **** 
  55:Core/Src/spi.c ****   GPIO_InitTypeDef GPIO_InitStruct = {0};
 108              		.loc 1 55 0
 109 0004 0023     		movs	r3, #0
 110 0006 0293     		str	r3, [sp, #8]
 111 0008 0393     		str	r3, [sp, #12]
 112 000a 0493     		str	r3, [sp, #16]
 113 000c 0593     		str	r3, [sp, #20]
  56:Core/Src/spi.c ****   if(spiHandle->Instance==SPI2)
 114              		.loc 1 56 0
 115 000e 0268     		ldr	r2, [r0]
 116 0010 174B     		ldr	r3, .L11
 117 0012 9A42     		cmp	r2, r3
 118 0014 01D0     		beq	.L10
ARM GAS  /tmp/ccl9D74d.s 			page 4


 119              	.LVL3:
 120              	.L7:
  57:Core/Src/spi.c ****   {
  58:Core/Src/spi.c ****   /* USER CODE BEGIN SPI2_MspInit 0 */
  59:Core/Src/spi.c **** 
  60:Core/Src/spi.c ****   /* USER CODE END SPI2_MspInit 0 */
  61:Core/Src/spi.c ****     /* SPI2 clock enable */
  62:Core/Src/spi.c ****     __HAL_RCC_SPI2_CLK_ENABLE();
  63:Core/Src/spi.c **** 
  64:Core/Src/spi.c ****     __HAL_RCC_GPIOB_CLK_ENABLE();
  65:Core/Src/spi.c ****     /**SPI2 GPIO Configuration
  66:Core/Src/spi.c ****     PB13     ------> SPI2_SCK
  67:Core/Src/spi.c ****     PB14     ------> SPI2_MISO
  68:Core/Src/spi.c ****     PB15     ------> SPI2_MOSI
  69:Core/Src/spi.c ****     */
  70:Core/Src/spi.c ****     GPIO_InitStruct.Pin = SPI_BOSCH_SCK_Pin|SPI_BOSCH_MOSI_Pin;
  71:Core/Src/spi.c ****     GPIO_InitStruct.Mode = GPIO_MODE_AF_PP;
  72:Core/Src/spi.c ****     GPIO_InitStruct.Speed = GPIO_SPEED_FREQ_HIGH;
  73:Core/Src/spi.c ****     HAL_GPIO_Init(GPIOB, &GPIO_InitStruct);
  74:Core/Src/spi.c **** 
  75:Core/Src/spi.c ****     GPIO_InitStruct.Pin = SPI_BOSCH_MISO_Pin;
  76:Core/Src/spi.c ****     GPIO_InitStruct.Mode = GPIO_MODE_INPUT;
  77:Core/Src/spi.c ****     GPIO_InitStruct.Pull = GPIO_NOPULL;
  78:Core/Src/spi.c ****     HAL_GPIO_Init(SPI_BOSCH_MISO_GPIO_Port, &GPIO_InitStruct);
  79:Core/Src/spi.c **** 
  80:Core/Src/spi.c ****   /* USER CODE BEGIN SPI2_MspInit 1 */
  81:Core/Src/spi.c **** 
  82:Core/Src/spi.c ****   /* USER CODE END SPI2_MspInit 1 */
  83:Core/Src/spi.c ****   }
  84:Core/Src/spi.c **** }
 121              		.loc 1 84 0
 122 0016 06B0     		add	sp, sp, #24
 123              	.LCFI3:
 124              		.cfi_remember_state
 125              		.cfi_def_cfa_offset 8
 126              		@ sp needed
 127 0018 10BD     		pop	{r4, pc}
 128              	.LVL4:
 129              	.L10:
 130              	.LCFI4:
 131              		.cfi_restore_state
 132              	.LBB2:
  62:Core/Src/spi.c **** 
 133              		.loc 1 62 0
 134 001a 03F5EC33 		add	r3, r3, #120832
 135 001e DA69     		ldr	r2, [r3, #28]
 136 0020 42F48042 		orr	r2, r2, #16384
 137 0024 DA61     		str	r2, [r3, #28]
 138 0026 DA69     		ldr	r2, [r3, #28]
 139 0028 02F48042 		and	r2, r2, #16384
 140 002c 0092     		str	r2, [sp]
 141 002e 009A     		ldr	r2, [sp]
 142              	.LBE2:
 143              	.LBB3:
  64:Core/Src/spi.c ****     /**SPI2 GPIO Configuration
 144              		.loc 1 64 0
 145 0030 9A69     		ldr	r2, [r3, #24]
ARM GAS  /tmp/ccl9D74d.s 			page 5


 146 0032 42F00802 		orr	r2, r2, #8
 147 0036 9A61     		str	r2, [r3, #24]
 148 0038 9B69     		ldr	r3, [r3, #24]
 149 003a 03F00803 		and	r3, r3, #8
 150 003e 0193     		str	r3, [sp, #4]
 151 0040 019B     		ldr	r3, [sp, #4]
 152              	.LBE3:
  70:Core/Src/spi.c ****     GPIO_InitStruct.Mode = GPIO_MODE_AF_PP;
 153              		.loc 1 70 0
 154 0042 4FF42043 		mov	r3, #40960
 155 0046 0293     		str	r3, [sp, #8]
  71:Core/Src/spi.c ****     GPIO_InitStruct.Speed = GPIO_SPEED_FREQ_HIGH;
 156              		.loc 1 71 0
 157 0048 0223     		movs	r3, #2
 158 004a 0393     		str	r3, [sp, #12]
  72:Core/Src/spi.c ****     HAL_GPIO_Init(GPIOB, &GPIO_InitStruct);
 159              		.loc 1 72 0
 160 004c 0323     		movs	r3, #3
 161 004e 0593     		str	r3, [sp, #20]
  73:Core/Src/spi.c **** 
 162              		.loc 1 73 0
 163 0050 084C     		ldr	r4, .L11+4
 164 0052 02A9     		add	r1, sp, #8
 165 0054 2046     		mov	r0, r4
 166              	.LVL5:
 167 0056 FFF7FEFF 		bl	HAL_GPIO_Init
 168              	.LVL6:
  75:Core/Src/spi.c ****     GPIO_InitStruct.Mode = GPIO_MODE_INPUT;
 169              		.loc 1 75 0
 170 005a 4FF48043 		mov	r3, #16384
 171 005e 0293     		str	r3, [sp, #8]
  76:Core/Src/spi.c ****     GPIO_InitStruct.Pull = GPIO_NOPULL;
 172              		.loc 1 76 0
 173 0060 0023     		movs	r3, #0
 174 0062 0393     		str	r3, [sp, #12]
  77:Core/Src/spi.c ****     HAL_GPIO_Init(SPI_BOSCH_MISO_GPIO_Port, &GPIO_InitStruct);
 175              		.loc 1 77 0
 176 0064 0493     		str	r3, [sp, #16]
  78:Core/Src/spi.c **** 
 177              		.loc 1 78 0
 178 0066 02A9     		add	r1, sp, #8
 179 0068 2046     		mov	r0, r4
 180 006a FFF7FEFF 		bl	HAL_GPIO_Init
 181              	.LVL7:
 182              		.loc 1 84 0
 183 006e D2E7     		b	.L7
 184              	.L12:
 185              		.align	2
 186              	.L11:
 187 0070 00380040 		.word	1073756160
 188 0074 000C0140 		.word	1073810432
 189              		.cfi_endproc
 190              	.LFE66:
 192              		.section	.text.HAL_SPI_MspDeInit,"ax",%progbits
 193              		.align	1
 194              		.global	HAL_SPI_MspDeInit
 195              		.syntax unified
ARM GAS  /tmp/ccl9D74d.s 			page 6


 196              		.thumb
 197              		.thumb_func
 198              		.fpu softvfp
 200              	HAL_SPI_MspDeInit:
 201              	.LFB67:
  85:Core/Src/spi.c **** 
  86:Core/Src/spi.c **** void HAL_SPI_MspDeInit(SPI_HandleTypeDef* spiHandle)
  87:Core/Src/spi.c **** {
 202              		.loc 1 87 0
 203              		.cfi_startproc
 204              		@ args = 0, pretend = 0, frame = 0
 205              		@ frame_needed = 0, uses_anonymous_args = 0
 206              	.LVL8:
 207 0000 08B5     		push	{r3, lr}
 208              	.LCFI5:
 209              		.cfi_def_cfa_offset 8
 210              		.cfi_offset 3, -8
 211              		.cfi_offset 14, -4
  88:Core/Src/spi.c **** 
  89:Core/Src/spi.c ****   if(spiHandle->Instance==SPI2)
 212              		.loc 1 89 0
 213 0002 0268     		ldr	r2, [r0]
 214 0004 074B     		ldr	r3, .L17
 215 0006 9A42     		cmp	r2, r3
 216 0008 00D0     		beq	.L16
 217              	.LVL9:
 218              	.L13:
 219 000a 08BD     		pop	{r3, pc}
 220              	.LVL10:
 221              	.L16:
  90:Core/Src/spi.c ****   {
  91:Core/Src/spi.c ****   /* USER CODE BEGIN SPI2_MspDeInit 0 */
  92:Core/Src/spi.c **** 
  93:Core/Src/spi.c ****   /* USER CODE END SPI2_MspDeInit 0 */
  94:Core/Src/spi.c ****     /* Peripheral clock disable */
  95:Core/Src/spi.c ****     __HAL_RCC_SPI2_CLK_DISABLE();
 222              		.loc 1 95 0
 223 000c 064A     		ldr	r2, .L17+4
 224 000e D369     		ldr	r3, [r2, #28]
 225 0010 23F48043 		bic	r3, r3, #16384
 226 0014 D361     		str	r3, [r2, #28]
  96:Core/Src/spi.c **** 
  97:Core/Src/spi.c ****     /**SPI2 GPIO Configuration
  98:Core/Src/spi.c ****     PB13     ------> SPI2_SCK
  99:Core/Src/spi.c ****     PB14     ------> SPI2_MISO
 100:Core/Src/spi.c ****     PB15     ------> SPI2_MOSI
 101:Core/Src/spi.c ****     */
 102:Core/Src/spi.c ****     HAL_GPIO_DeInit(GPIOB, SPI_BOSCH_SCK_Pin|SPI_BOSCH_MISO_Pin|SPI_BOSCH_MOSI_Pin);
 227              		.loc 1 102 0
 228 0016 4FF46041 		mov	r1, #57344
 229 001a 0448     		ldr	r0, .L17+8
 230              	.LVL11:
 231 001c FFF7FEFF 		bl	HAL_GPIO_DeInit
 232              	.LVL12:
 103:Core/Src/spi.c **** 
 104:Core/Src/spi.c ****   /* USER CODE BEGIN SPI2_MspDeInit 1 */
 105:Core/Src/spi.c **** 
ARM GAS  /tmp/ccl9D74d.s 			page 7


 106:Core/Src/spi.c ****   /* USER CODE END SPI2_MspDeInit 1 */
 107:Core/Src/spi.c ****   }
 108:Core/Src/spi.c **** }
 233              		.loc 1 108 0
 234 0020 F3E7     		b	.L13
 235              	.L18:
 236 0022 00BF     		.align	2
 237              	.L17:
 238 0024 00380040 		.word	1073756160
 239 0028 00100240 		.word	1073876992
 240 002c 000C0140 		.word	1073810432
 241              		.cfi_endproc
 242              	.LFE67:
 244              		.comm	hspi2,88,4
 245              		.text
 246              	.Letext0:
 247              		.file 2 "/usr/include/newlib/machine/_default_types.h"
 248              		.file 3 "/usr/include/newlib/sys/_stdint.h"
 249              		.file 4 "Drivers/CMSIS/Include/core_cm3.h"
 250              		.file 5 "Drivers/CMSIS/Device/ST/STM32F1xx/Include/system_stm32f1xx.h"
 251              		.file 6 "Drivers/CMSIS/Device/ST/STM32F1xx/Include/stm32f103xb.h"
 252              		.file 7 "Drivers/STM32F1xx_HAL_Driver/Inc/stm32f1xx_hal_def.h"
 253              		.file 8 "Drivers/STM32F1xx_HAL_Driver/Inc/stm32f1xx_hal_gpio.h"
 254              		.file 9 "Drivers/STM32F1xx_HAL_Driver/Inc/stm32f1xx_hal_dma.h"
 255              		.file 10 "Drivers/STM32F1xx_HAL_Driver/Inc/stm32f1xx_hal_spi.h"
 256              		.file 11 "Drivers/STM32F1xx_HAL_Driver/Inc/stm32f1xx_hal.h"
 257              		.file 12 "Core/Inc/spi.h"
 258              		.file 13 "Core/Inc/main.h"
ARM GAS  /tmp/ccl9D74d.s 			page 8


DEFINED SYMBOLS
                            *ABS*:0000000000000000 spi.c
     /tmp/ccl9D74d.s:16     .text.MX_SPI2_Init:0000000000000000 $t
     /tmp/ccl9D74d.s:23     .text.MX_SPI2_Init:0000000000000000 MX_SPI2_Init
     /tmp/ccl9D74d.s:80     .text.MX_SPI2_Init:0000000000000038 $d
                            *COM*:0000000000000058 hspi2
     /tmp/ccl9D74d.s:86     .text.HAL_SPI_MspInit:0000000000000000 $t
     /tmp/ccl9D74d.s:93     .text.HAL_SPI_MspInit:0000000000000000 HAL_SPI_MspInit
     /tmp/ccl9D74d.s:187    .text.HAL_SPI_MspInit:0000000000000070 $d
     /tmp/ccl9D74d.s:193    .text.HAL_SPI_MspDeInit:0000000000000000 $t
     /tmp/ccl9D74d.s:200    .text.HAL_SPI_MspDeInit:0000000000000000 HAL_SPI_MspDeInit
     /tmp/ccl9D74d.s:238    .text.HAL_SPI_MspDeInit:0000000000000024 $d
                     .debug_frame:0000000000000010 $d

UNDEFINED SYMBOLS
HAL_SPI_Init
Error_Handler
HAL_GPIO_Init
HAL_GPIO_DeInit
